2023-11-04 14:49:35.436 [info] Extension host with pid 26500 started
2023-11-04 14:49:35.540 [info] Lock '/home/ec2-user/.vscode-server/data/User/workspaceStorage/e4707c2bc03559c1a0a3421a35630ed4/vscode.lock': Lock acquired.
2023-11-04 14:49:35.594 [info] ExtensionService#_doActivateExtension vscode.git-base, startup: true, activationEvent: '*'
2023-11-04 14:49:35.692 [info] ExtensionService#_doActivateExtension vscode.github, startup: true, activationEvent: '*'
2023-11-04 14:49:35.918 [info] Eager extensions activated
2023-11-04 14:49:35.923 [info] ExtensionService#_doActivateExtension vscode.debug-auto-launch, startup: false, activationEvent: 'onStartupFinished'
2023-11-04 14:49:35.924 [info] ExtensionService#_doActivateExtension vscode.merge-conflict, startup: false, activationEvent: 'onStartupFinished'
2023-11-04 14:49:36.412 [info] ExtensionService#_doActivateExtension vscode.git, startup: false, activationEvent: 'api', root cause: vscode.github
2023-11-04 14:51:29.374 [info] ExtensionService#_doActivateExtension vscode.extension-editing, startup: false, activationEvent: 'onLanguage:markdown'
2023-11-04 14:51:29.374 [info] ExtensionService#_doActivateExtension vscode.markdown-language-features, startup: false, activationEvent: 'onLanguage:markdown'
2023-11-04 14:51:29.375 [info] ExtensionService#_doActivateExtension vscode.emmet, startup: false, activationEvent: 'onLanguage'
2023-11-04 14:51:30.511 [info] ExtensionService#_doActivateExtension vscode.markdown-math, startup: false, activationEvent: 'api', root cause: vscode.markdown-language-features
2023-11-04 14:54:27.289 [warning] [Decorations] CAPPING events from decorations provider vscode.git 1200
2023-11-04 14:54:28.583 [warning] [Decorations] CAPPING events from decorations provider vscode.git 1200
2023-11-04 14:54:30.383 [warning] [Decorations] CAPPING events from decorations provider vscode.git 1200
2023-11-04 14:54:33.257 [info] ExtensionService#_doActivateExtension vscode.npm, startup: false, activationEvent: 'onTerminalQuickFixRequest:ms-vscode.npm-command'
2023-11-04 14:54:36.411 [warning] [Decorations] CAPPING events from decorations provider vscode.git 1201
2023-11-04 15:05:13.070 [warning] [Decorations] CAPPING events from decorations provider vscode.git 3246
2023-11-04 15:05:18.278 [warning] [Decorations] CAPPING events from decorations provider vscode.git 3244
2023-11-04 15:05:29.255 [warning] [Decorations] CAPPING events from decorations provider vscode.git 3279
2023-11-04 15:05:40.835 [warning] [Decorations] CAPPING events from decorations provider vscode.git 3279
2023-11-04 15:05:46.108 [warning] [Decorations] CAPPING events from decorations provider vscode.git 3325
2023-11-04 15:05:51.462 [warning] [Decorations] CAPPING events from decorations provider vscode.git 3325
2023-11-04 15:05:56.599 [warning] [Decorations] CAPPING events from decorations provider vscode.git 3325
2023-11-04 15:06:01.838 [warning] [Decorations] CAPPING events from decorations provider vscode.git 3458
2023-11-04 15:06:04.591 [info] ExtensionService#_doActivateExtension vscode.tunnel-forwarding, startup: false, activationEvent: 'onTunnel'
2023-11-04 15:06:07.139 [warning] [Decorations] CAPPING events from decorations provider vscode.git 3458
2023-11-04 15:06:12.540 [warning] [Decorations] CAPPING events from decorations provider vscode.git 3458
2023-11-04 15:06:17.695 [warning] [Decorations] CAPPING events from decorations provider vscode.git 3458
2023-11-04 15:06:38.962 [warning] [Decorations] CAPPING events from decorations provider vscode.git 4249
2023-11-04 15:06:44.369 [warning] [Decorations] CAPPING events from decorations provider vscode.git 4249
2023-11-04 15:06:49.751 [warning] [Decorations] CAPPING events from decorations provider vscode.git 4249
2023-11-04 15:06:54.962 [warning] [Decorations] CAPPING events from decorations provider vscode.git 4249
2023-11-04 15:07:00.212 [warning] [Decorations] CAPPING events from decorations provider vscode.git 4249
2023-11-04 15:07:05.572 [warning] [Decorations] CAPPING events from decorations provider vscode.git 4249
2023-11-04 15:07:11.371 [warning] [Decorations] CAPPING events from decorations provider vscode.git 4265
2023-11-04 15:07:16.781 [warning] [Decorations] CAPPING events from decorations provider vscode.git 4277
2023-11-04 15:07:21.930 [warning] [Decorations] CAPPING events from decorations provider vscode.git 4277
2023-11-04 15:07:27.067 [warning] [Decorations] CAPPING events from decorations provider vscode.git 4277
2023-11-04 15:07:32.265 [warning] [Decorations] CAPPING events from decorations provider vscode.git 4277
2023-11-04 15:07:37.440 [warning] [Decorations] CAPPING events from decorations provider vscode.git 4277
2023-11-04 15:07:42.707 [warning] [Decorations] CAPPING events from decorations provider vscode.git 4277
2023-11-04 15:07:47.856 [warning] [Decorations] CAPPING events from decorations provider vscode.git 4277
2023-11-04 15:07:53.009 [warning] [Decorations] CAPPING events from decorations provider vscode.git 4277
2023-11-04 15:07:58.157 [warning] [Decorations] CAPPING events from decorations provider vscode.git 4277
2023-11-04 15:08:03.304 [warning] [Decorations] CAPPING events from decorations provider vscode.git 4277
2023-11-04 15:08:08.518 [warning] [Decorations] CAPPING events from decorations provider vscode.git 4277
2023-11-04 15:08:13.959 [warning] [Decorations] CAPPING events from decorations provider vscode.git 4277
2023-11-04 15:08:19.108 [warning] [Decorations] CAPPING events from decorations provider vscode.git 4277
2023-11-04 15:08:24.315 [warning] [Decorations] CAPPING events from decorations provider vscode.git 4277
2023-11-04 15:08:29.487 [warning] [Decorations] CAPPING events from decorations provider vscode.git 4277
2023-11-04 15:08:34.661 [warning] [Decorations] CAPPING events from decorations provider vscode.git 4277
2023-11-04 15:08:39.815 [warning] [Decorations] CAPPING events from decorations provider vscode.git 4277
2023-11-04 15:08:44.957 [warning] [Decorations] CAPPING events from decorations provider vscode.git 4277
2023-11-04 15:08:50.178 [warning] [Decorations] CAPPING events from decorations provider vscode.git 4277
2023-11-04 15:08:55.328 [warning] [Decorations] CAPPING events from decorations provider vscode.git 4277
2023-11-04 15:09:00.718 [warning] [Decorations] CAPPING events from decorations provider vscode.git 4277
2023-11-04 15:09:08.574 [warning] [Decorations] CAPPING events from decorations provider vscode.git 4277
2023-11-04 15:09:23.822 [warning] [Decorations] CAPPING events from decorations provider vscode.git 4277
2023-11-04 15:09:29.263 [warning] [Decorations] CAPPING events from decorations provider vscode.git 4277
2023-11-04 15:09:34.703 [warning] [Decorations] CAPPING events from decorations provider vscode.git 4277
2023-11-04 15:09:40.015 [warning] [Decorations] CAPPING events from decorations provider vscode.git 4277
2023-11-04 15:09:45.277 [warning] [Decorations] CAPPING events from decorations provider vscode.git 4277
2023-11-04 15:09:50.596 [warning] [Decorations] CAPPING events from decorations provider vscode.git 4277
2023-11-04 15:09:55.951 [warning] [Decorations] CAPPING events from decorations provider vscode.git 4277
2023-11-04 15:10:01.269 [warning] [Decorations] CAPPING events from decorations provider vscode.git 4277
2023-11-04 15:10:06.609 [warning] [Decorations] CAPPING events from decorations provider vscode.git 4277
2023-11-04 15:10:11.907 [warning] [Decorations] CAPPING events from decorations provider vscode.git 4277
2023-11-04 15:10:17.158 [warning] [Decorations] CAPPING events from decorations provider vscode.git 4277
2023-11-04 15:10:22.378 [warning] [Decorations] CAPPING events from decorations provider vscode.git 4277
2023-11-04 15:10:27.764 [warning] [Decorations] CAPPING events from decorations provider vscode.git 4277
2023-11-04 15:10:33.088 [warning] [Decorations] CAPPING events from decorations provider vscode.git 4277
2023-11-04 15:10:38.378 [warning] [Decorations] CAPPING events from decorations provider vscode.git 4277
2023-11-04 15:10:43.892 [warning] [Decorations] CAPPING events from decorations provider vscode.git 4277
2023-11-04 15:10:49.242 [warning] [Decorations] CAPPING events from decorations provider vscode.git 4277
2023-11-04 15:10:54.648 [warning] [Decorations] CAPPING events from decorations provider vscode.git 4277
2023-11-04 15:11:00.075 [warning] [Decorations] CAPPING events from decorations provider vscode.git 4277
2023-11-04 15:11:05.457 [warning] [Decorations] CAPPING events from decorations provider vscode.git 4277
2023-11-04 15:11:10.884 [warning] [Decorations] CAPPING events from decorations provider vscode.git 4277
2023-11-04 15:11:16.249 [warning] [Decorations] CAPPING events from decorations provider vscode.git 4277
2023-11-04 15:11:28.066 [warning] [Decorations] CAPPING events from decorations provider vscode.git 4277
2023-11-04 15:11:33.217 [warning] [Decorations] CAPPING events from decorations provider vscode.git 4277
2023-11-04 15:11:38.371 [warning] [Decorations] CAPPING events from decorations provider vscode.git 4277
2023-11-04 15:11:43.604 [warning] [Decorations] CAPPING events from decorations provider vscode.git 4277
2023-11-04 15:11:48.777 [warning] [Decorations] CAPPING events from decorations provider vscode.git 4277
2023-11-04 15:11:53.978 [warning] [Decorations] CAPPING events from decorations provider vscode.git 4277
2023-11-04 15:11:59.144 [warning] [Decorations] CAPPING events from decorations provider vscode.git 4277
2023-11-04 15:12:04.292 [warning] [Decorations] CAPPING events from decorations provider vscode.git 4277
2023-11-04 15:12:09.462 [warning] [Decorations] CAPPING events from decorations provider vscode.git 4277
2023-11-04 15:12:14.699 [warning] [Decorations] CAPPING events from decorations provider vscode.git 4277
2023-11-04 15:12:19.892 [warning] [Decorations] CAPPING events from decorations provider vscode.git 4277
2023-11-04 15:12:25.053 [warning] [Decorations] CAPPING events from decorations provider vscode.git 4277
2023-11-04 15:12:54.807 [warning] [Decorations] CAPPING events from decorations provider vscode.git 4277
2023-11-04 15:12:59.962 [warning] [Decorations] CAPPING events from decorations provider vscode.git 4277
2023-11-04 15:13:21.151 [warning] [Decorations] CAPPING events from decorations provider vscode.git 4277
2023-11-04 15:13:26.313 [warning] [Decorations] CAPPING events from decorations provider vscode.git 4277
2023-11-04 15:13:31.465 [warning] [Decorations] CAPPING events from decorations provider vscode.git 4277
2023-11-04 15:14:32.794 [warning] [Decorations] CAPPING events from decorations provider vscode.git 4277
2023-11-04 15:14:37.962 [warning] [Decorations] CAPPING events from decorations provider vscode.git 4277
2023-11-04 15:14:43.379 [warning] [Decorations] CAPPING events from decorations provider vscode.git 4277
2023-11-04 15:14:48.645 [warning] [Decorations] CAPPING events from decorations provider vscode.git 4282
2023-11-04 15:14:54.107 [warning] [Decorations] CAPPING events from decorations provider vscode.git 4290
2023-11-04 15:14:59.530 [warning] [Decorations] CAPPING events from decorations provider vscode.git 4290
2023-11-04 15:15:04.926 [warning] [Decorations] CAPPING events from decorations provider vscode.git 4290
2023-11-04 15:15:10.192 [warning] [Decorations] CAPPING events from decorations provider vscode.git 4290
2023-11-04 15:15:15.671 [warning] [Decorations] CAPPING events from decorations provider vscode.git 4290
2023-11-04 15:15:21.171 [warning] [Decorations] CAPPING events from decorations provider vscode.git 4290
2023-11-04 15:15:26.465 [warning] [Decorations] CAPPING events from decorations provider vscode.git 4290
2023-11-04 15:15:31.761 [warning] [Decorations] CAPPING events from decorations provider vscode.git 4290
2023-11-04 15:15:37.751 [warning] [Decorations] CAPPING events from decorations provider vscode.git 4290
2023-11-04 15:15:44.272 [warning] [Decorations] CAPPING events from decorations provider vscode.git 4290
2023-11-04 15:15:51.845 [warning] [Decorations] CAPPING events from decorations provider vscode.git 4290
2023-11-04 15:15:57.593 [warning] [Decorations] CAPPING events from decorations provider vscode.git 4290
2023-11-04 15:16:07.123 [warning] [Decorations] CAPPING events from decorations provider vscode.git 4290
2023-11-04 15:16:12.416 [warning] [Decorations] CAPPING events from decorations provider vscode.git 4290
2023-11-04 15:16:17.787 [warning] [Decorations] CAPPING events from decorations provider vscode.git 4290
2023-11-04 15:16:23.203 [warning] [Decorations] CAPPING events from decorations provider vscode.git 4290
2023-11-04 15:16:28.575 [warning] [Decorations] CAPPING events from decorations provider vscode.git 4290
2023-11-04 15:16:33.984 [warning] [Decorations] CAPPING events from decorations provider vscode.git 4290
2023-11-04 15:16:39.356 [warning] [Decorations] CAPPING events from decorations provider vscode.git 4290
2023-11-04 15:16:44.695 [warning] [Decorations] CAPPING events from decorations provider vscode.git 4290
2023-11-04 15:16:49.947 [warning] [Decorations] CAPPING events from decorations provider vscode.git 4290
2023-11-04 15:16:55.177 [warning] [Decorations] CAPPING events from decorations provider vscode.git 4290
2023-11-04 15:17:00.346 [warning] [Decorations] CAPPING events from decorations provider vscode.git 4290
2023-11-04 15:17:05.508 [warning] [Decorations] CAPPING events from decorations provider vscode.git 4290
2023-11-04 15:17:10.694 [warning] [Decorations] CAPPING events from decorations provider vscode.git 4290
2023-11-04 15:17:15.850 [warning] [Decorations] CAPPING events from decorations provider vscode.git 4290
2023-11-04 15:17:21.208 [warning] [Decorations] CAPPING events from decorations provider vscode.git 4292
2023-11-04 15:19:25.492 [warning] [Decorations] CAPPING events from decorations provider vscode.git 4358
2023-11-04 15:19:30.654 [warning] [Decorations] CAPPING events from decorations provider vscode.git 4356
2023-11-04 15:19:35.819 [warning] [Decorations] CAPPING events from decorations provider vscode.git 4356
2023-11-04 15:19:40.963 [warning] [Decorations] CAPPING events from decorations provider vscode.git 4356
2023-11-04 15:19:46.115 [warning] [Decorations] CAPPING events from decorations provider vscode.git 4356
2023-11-04 15:19:51.263 [warning] [Decorations] CAPPING events from decorations provider vscode.git 4356
2023-11-04 15:19:56.426 [warning] [Decorations] CAPPING events from decorations provider vscode.git 4356
2023-11-04 15:20:01.766 [warning] [Decorations] CAPPING events from decorations provider vscode.git 4356
2023-11-04 15:20:06.921 [warning] [Decorations] CAPPING events from decorations provider vscode.git 4356
2023-11-04 15:20:12.080 [warning] [Decorations] CAPPING events from decorations provider vscode.git 4356
2023-11-04 15:20:17.918 [warning] [Decorations] CAPPING events from decorations provider vscode.git 4356
2023-11-04 15:20:23.103 [warning] [Decorations] CAPPING events from decorations provider vscode.git 4356
2023-11-04 15:20:28.256 [warning] [Decorations] CAPPING events from decorations provider vscode.git 4356
2023-11-04 15:20:33.423 [warning] [Decorations] CAPPING events from decorations provider vscode.git 4356
2023-11-04 15:20:38.575 [warning] [Decorations] CAPPING events from decorations provider vscode.git 4356
2023-11-04 15:20:48.569 [warning] [Decorations] CAPPING events from decorations provider vscode.git 4356
2023-11-04 15:20:53.873 [warning] [Decorations] CAPPING events from decorations provider vscode.git 4356
2023-11-04 15:20:59.043 [warning] [Decorations] CAPPING events from decorations provider vscode.git 4356
2023-11-04 15:21:04.198 [warning] [Decorations] CAPPING events from decorations provider vscode.git 4356
2023-11-04 15:21:09.362 [warning] [Decorations] CAPPING events from decorations provider vscode.git 4356
2023-11-04 15:21:14.516 [warning] [Decorations] CAPPING events from decorations provider vscode.git 4356
2023-11-04 15:21:19.664 [warning] [Decorations] CAPPING events from decorations provider vscode.git 4356
2023-11-04 15:21:25.252 [warning] [Decorations] CAPPING events from decorations provider vscode.git 4356
2023-11-04 15:21:30.412 [warning] [Decorations] CAPPING events from decorations provider vscode.git 4356
2023-11-04 15:21:35.562 [warning] [Decorations] CAPPING events from decorations provider vscode.git 4357
2023-11-04 15:21:40.863 [warning] [Decorations] CAPPING events from decorations provider vscode.git 4357
2023-11-04 15:21:46.028 [warning] [Decorations] CAPPING events from decorations provider vscode.git 4357
2023-11-04 15:21:51.177 [warning] [Decorations] CAPPING events from decorations provider vscode.git 4357
2023-11-04 15:21:56.379 [warning] [Decorations] CAPPING events from decorations provider vscode.git 4357
2023-11-04 15:22:01.580 [warning] [Decorations] CAPPING events from decorations provider vscode.git 4357
2023-11-04 15:22:06.774 [warning] [Decorations] CAPPING events from decorations provider vscode.git 4357
2023-11-04 15:22:11.985 [warning] [Decorations] CAPPING events from decorations provider vscode.git 4357
2023-11-04 15:22:17.231 [warning] [Decorations] CAPPING events from decorations provider vscode.git 4357
2023-11-04 15:22:22.460 [warning] [Decorations] CAPPING events from decorations provider vscode.git 4357
2023-11-04 15:22:27.727 [warning] [Decorations] CAPPING events from decorations provider vscode.git 4357
2023-11-04 15:22:32.970 [warning] [Decorations] CAPPING events from decorations provider vscode.git 4357
2023-11-04 15:22:38.179 [warning] [Decorations] CAPPING events from decorations provider vscode.git 4357
2023-11-04 15:22:43.411 [warning] [Decorations] CAPPING events from decorations provider vscode.git 4357
2023-11-04 15:22:48.655 [warning] [Decorations] CAPPING events from decorations provider vscode.git 4357
2023-11-04 15:22:53.815 [warning] [Decorations] CAPPING events from decorations provider vscode.git 4357
2023-11-04 15:22:58.969 [warning] [Decorations] CAPPING events from decorations provider vscode.git 4357
2023-11-04 15:23:04.155 [warning] [Decorations] CAPPING events from decorations provider vscode.git 4357
2023-11-04 15:23:09.313 [warning] [Decorations] CAPPING events from decorations provider vscode.git 4357
2023-11-04 15:23:14.468 [warning] [Decorations] CAPPING events from decorations provider vscode.git 4357
2023-11-04 15:23:19.621 [warning] [Decorations] CAPPING events from decorations provider vscode.git 4357
2023-11-04 15:23:24.775 [warning] [Decorations] CAPPING events from decorations provider vscode.git 4357
2023-11-04 15:23:29.940 [warning] [Decorations] CAPPING events from decorations provider vscode.git 4357
2023-11-04 15:23:35.100 [warning] [Decorations] CAPPING events from decorations provider vscode.git 4357
2023-11-04 15:23:40.254 [warning] [Decorations] CAPPING events from decorations provider vscode.git 4357
2023-11-04 15:23:45.405 [warning] [Decorations] CAPPING events from decorations provider vscode.git 4357
2023-11-04 15:23:50.554 [warning] [Decorations] CAPPING events from decorations provider vscode.git 4357
2023-11-04 15:23:55.720 [warning] [Decorations] CAPPING events from decorations provider vscode.git 4357
2023-11-04 15:24:00.927 [warning] [Decorations] CAPPING events from decorations provider vscode.git 4357
2023-11-04 15:24:06.092 [warning] [Decorations] CAPPING events from decorations provider vscode.git 4357
2023-11-04 15:24:11.244 [warning] [Decorations] CAPPING events from decorations provider vscode.git 4357
2023-11-04 15:24:16.396 [warning] [Decorations] CAPPING events from decorations provider vscode.git 4357
2023-11-04 15:24:21.557 [warning] [Decorations] CAPPING events from decorations provider vscode.git 4357
2023-11-04 15:24:26.705 [warning] [Decorations] CAPPING events from decorations provider vscode.git 4357
2023-11-04 15:24:31.855 [warning] [Decorations] CAPPING events from decorations provider vscode.git 4357
2023-11-04 15:24:37.004 [warning] [Decorations] CAPPING events from decorations provider vscode.git 4357
2023-11-04 15:24:42.196 [warning] [Decorations] CAPPING events from decorations provider vscode.git 4357
2023-11-04 15:24:47.360 [warning] [Decorations] CAPPING events from decorations provider vscode.git 4357
2023-11-04 15:24:52.526 [warning] [Decorations] CAPPING events from decorations provider vscode.git 4357
2023-11-04 15:24:57.677 [warning] [Decorations] CAPPING events from decorations provider vscode.git 4357
2023-11-04 15:25:02.838 [warning] [Decorations] CAPPING events from decorations provider vscode.git 4357
2023-11-04 15:25:07.991 [warning] [Decorations] CAPPING events from decorations provider vscode.git 4357
2023-11-04 15:25:13.159 [warning] [Decorations] CAPPING events from decorations provider vscode.git 4357
2023-11-04 15:27:30.515 [warning] [Decorations] CAPPING events from decorations provider vscode.git 4357
2023-11-04 15:27:35.820 [warning] [Decorations] CAPPING events from decorations provider vscode.git 4357
2023-11-04 15:27:40.988 [warning] [Decorations] CAPPING events from decorations provider vscode.git 4357
2023-11-04 15:32:27.954 [warning] [Decorations] CAPPING events from decorations provider vscode.git 4357
2023-11-04 15:32:33.153 [warning] [Decorations] CAPPING events from decorations provider vscode.git 4357
2023-11-04 15:32:38.309 [warning] [Decorations] CAPPING events from decorations provider vscode.git 4357
2023-11-04 15:32:43.478 [warning] [Decorations] CAPPING events from decorations provider vscode.git 4357
2023-11-04 15:32:48.635 [warning] [Decorations] CAPPING events from decorations provider vscode.git 4357
2023-11-04 15:32:53.791 [warning] [Decorations] CAPPING events from decorations provider vscode.git 4357
2023-11-04 15:32:58.993 [warning] [Decorations] CAPPING events from decorations provider vscode.git 4357
2023-11-04 15:33:04.168 [warning] [Decorations] CAPPING events from decorations provider vscode.git 4357
2023-11-04 15:33:09.319 [warning] [Decorations] CAPPING events from decorations provider vscode.git 4357
2023-11-04 15:33:14.472 [warning] [Decorations] CAPPING events from decorations provider vscode.git 4357
2023-11-04 15:33:19.635 [warning] [Decorations] CAPPING events from decorations provider vscode.git 4357
2023-11-04 15:33:24.798 [warning] [Decorations] CAPPING events from decorations provider vscode.git 4357
2023-11-04 15:33:29.958 [warning] [Decorations] CAPPING events from decorations provider vscode.git 4357
2023-11-04 15:33:35.116 [warning] [Decorations] CAPPING events from decorations provider vscode.git 4357
2023-11-04 15:33:40.270 [warning] [Decorations] CAPPING events from decorations provider vscode.git 4357
2023-11-04 15:33:45.573 [warning] [Decorations] CAPPING events from decorations provider vscode.git 4357
2023-11-04 15:33:50.739 [warning] [Decorations] CAPPING events from decorations provider vscode.git 4357
2023-11-04 15:33:55.896 [warning] [Decorations] CAPPING events from decorations provider vscode.git 4357
2023-11-04 15:34:01.048 [warning] [Decorations] CAPPING events from decorations provider vscode.git 4357
2023-11-04 15:34:06.204 [warning] [Decorations] CAPPING events from decorations provider vscode.git 4357
2023-11-04 15:34:11.356 [warning] [Decorations] CAPPING events from decorations provider vscode.git 4357
2023-11-04 15:35:22.893 [warning] [Decorations] CAPPING events from decorations provider vscode.git 4357
2023-11-04 15:35:28.046 [warning] [Decorations] CAPPING events from decorations provider vscode.git 4357
2023-11-04 15:36:03.336 [warning] [Decorations] CAPPING events from decorations provider vscode.git 4357
2023-11-04 15:36:08.534 [warning] [Decorations] CAPPING events from decorations provider vscode.git 4357
2023-11-04 15:36:13.712 [warning] [Decorations] CAPPING events from decorations provider vscode.git 4357
2023-11-04 15:36:18.865 [warning] [Decorations] CAPPING events from decorations provider vscode.git 4357
2023-11-04 15:36:24.009 [warning] [Decorations] CAPPING events from decorations provider vscode.git 4357
2023-11-04 15:36:29.154 [warning] [Decorations] CAPPING events from decorations provider vscode.git 4357
2023-11-04 15:36:34.305 [warning] [Decorations] CAPPING events from decorations provider vscode.git 4357
2023-11-04 15:36:39.464 [warning] [Decorations] CAPPING events from decorations provider vscode.git 4357
2023-11-04 15:36:44.611 [warning] [Decorations] CAPPING events from decorations provider vscode.git 4357
2023-11-04 15:36:49.767 [warning] [Decorations] CAPPING events from decorations provider vscode.git 4357
2023-11-04 15:36:54.923 [warning] [Decorations] CAPPING events from decorations provider vscode.git 4357
2023-11-04 15:37:00.066 [warning] [Decorations] CAPPING events from decorations provider vscode.git 4357
2023-11-04 15:37:05.235 [warning] [Decorations] CAPPING events from decorations provider vscode.git 4357
2023-11-04 15:37:10.381 [warning] [Decorations] CAPPING events from decorations provider vscode.git 4357
2023-11-04 15:37:15.537 [warning] [Decorations] CAPPING events from decorations provider vscode.git 4357
2023-11-04 15:37:20.696 [warning] [Decorations] CAPPING events from decorations provider vscode.git 4357
2023-11-04 15:37:25.854 [warning] [Decorations] CAPPING events from decorations provider vscode.git 4357
2023-11-04 15:37:31.002 [warning] [Decorations] CAPPING events from decorations provider vscode.git 4357
2023-11-04 15:37:36.153 [warning] [Decorations] CAPPING events from decorations provider vscode.git 4357
2023-11-04 15:37:41.314 [warning] [Decorations] CAPPING events from decorations provider vscode.git 4357
2023-11-04 15:38:01.171 [warning] [Decorations] CAPPING events from decorations provider vscode.git 4357
2023-11-04 15:38:12.783 [warning] [Decorations] CAPPING events from decorations provider vscode.git 4357
2023-11-04 15:38:46.630 [warning] [Decorations] CAPPING events from decorations provider vscode.git 4357
2023-11-04 15:38:51.787 [warning] [Decorations] CAPPING events from decorations provider vscode.git 4357
2023-11-04 15:38:57.441 [warning] [Decorations] CAPPING events from decorations provider vscode.git 4357
2023-11-04 15:39:04.370 [warning] [Decorations] CAPPING events from decorations provider vscode.git 4357
2023-11-04 15:39:09.517 [warning] [Decorations] CAPPING events from decorations provider vscode.git 4357
2023-11-04 15:39:15.479 [warning] [Decorations] CAPPING events from decorations provider vscode.git 4357
2023-11-04 15:39:20.659 [warning] [Decorations] CAPPING events from decorations provider vscode.git 4357
2023-11-04 15:39:26.780 [warning] [Decorations] CAPPING events from decorations provider vscode.git 4357
2023-11-04 15:39:31.934 [warning] [Decorations] CAPPING events from decorations provider vscode.git 4357
2023-11-04 15:39:37.085 [warning] [Decorations] CAPPING events from decorations provider vscode.git 4357
2023-11-04 15:39:42.238 [warning] [Decorations] CAPPING events from decorations provider vscode.git 4357
2023-11-04 15:39:47.389 [warning] [Decorations] CAPPING events from decorations provider vscode.git 4357
2023-11-04 15:39:52.539 [warning] [Decorations] CAPPING events from decorations provider vscode.git 4357
2023-11-04 15:39:57.688 [warning] [Decorations] CAPPING events from decorations provider vscode.git 4357
2023-11-04 15:40:02.840 [warning] [Decorations] CAPPING events from decorations provider vscode.git 4357
2023-11-04 15:40:07.993 [warning] [Decorations] CAPPING events from decorations provider vscode.git 4357
2023-11-04 15:40:13.152 [warning] [Decorations] CAPPING events from decorations provider vscode.git 4357
2023-11-04 15:40:18.311 [warning] [Decorations] CAPPING events from decorations provider vscode.git 4357
2023-11-04 15:40:23.472 [warning] [Decorations] CAPPING events from decorations provider vscode.git 4357
2023-11-04 15:40:33.060 [warning] [Decorations] CAPPING events from decorations provider vscode.git 4357
2023-11-04 15:40:38.219 [warning] [Decorations] CAPPING events from decorations provider vscode.git 4357
2023-11-04 15:40:43.376 [warning] [Decorations] CAPPING events from decorations provider vscode.git 4357
2023-11-04 15:40:48.530 [warning] [Decorations] CAPPING events from decorations provider vscode.git 4357
2023-11-04 15:40:53.686 [warning] [Decorations] CAPPING events from decorations provider vscode.git 4357
2023-11-04 15:40:58.849 [warning] [Decorations] CAPPING events from decorations provider vscode.git 4357
2023-11-04 15:41:04.022 [warning] [Decorations] CAPPING events from decorations provider vscode.git 4359
2023-11-04 15:41:09.173 [warning] [Decorations] CAPPING events from decorations provider vscode.git 4359
2023-11-04 15:41:14.326 [warning] [Decorations] CAPPING events from decorations provider vscode.git 4359
2023-11-04 15:41:20.477 [warning] [Decorations] CAPPING events from decorations provider vscode.git 4359
2023-11-04 15:41:25.634 [warning] [Decorations] CAPPING events from decorations provider vscode.git 4359
2023-11-04 15:41:30.786 [warning] [Decorations] CAPPING events from decorations provider vscode.git 4359
2023-11-04 15:41:35.936 [warning] [Decorations] CAPPING events from decorations provider vscode.git 4359
2023-11-04 15:41:41.115 [warning] [Decorations] CAPPING events from decorations provider vscode.git 4360
2023-11-04 15:41:46.275 [warning] [Decorations] CAPPING events from decorations provider vscode.git 4360
2023-11-04 15:41:51.426 [warning] [Decorations] CAPPING events from decorations provider vscode.git 4360
2023-11-04 15:41:56.577 [warning] [Decorations] CAPPING events from decorations provider vscode.git 4360
2023-11-04 15:42:01.724 [warning] [Decorations] CAPPING events from decorations provider vscode.git 4360
2023-11-04 15:42:06.877 [warning] [Decorations] CAPPING events from decorations provider vscode.git 4360
2023-11-04 15:42:12.042 [warning] [Decorations] CAPPING events from decorations provider vscode.git 4362
2023-11-04 15:42:17.206 [warning] [Decorations] CAPPING events from decorations provider vscode.git 4362
2023-11-04 15:42:22.366 [warning] [Decorations] CAPPING events from decorations provider vscode.git 4362
2023-11-04 15:42:27.517 [warning] [Decorations] CAPPING events from decorations provider vscode.git 4364
2023-11-04 15:42:32.679 [warning] [Decorations] CAPPING events from decorations provider vscode.git 4364
2023-11-04 15:42:37.848 [warning] [Decorations] CAPPING events from decorations provider vscode.git 4364
2023-11-04 15:42:43.015 [warning] [Decorations] CAPPING events from decorations provider vscode.git 4366
2023-11-04 15:42:48.168 [warning] [Decorations] CAPPING events from decorations provider vscode.git 4366
2023-11-04 15:42:53.324 [warning] [Decorations] CAPPING events from decorations provider vscode.git 4366
2023-11-04 15:42:58.525 [warning] [Decorations] CAPPING events from decorations provider vscode.git 4368
2023-11-04 15:43:03.681 [warning] [Decorations] CAPPING events from decorations provider vscode.git 4368
2023-11-04 15:43:08.850 [warning] [Decorations] CAPPING events from decorations provider vscode.git 4368
2023-11-04 15:43:14.005 [warning] [Decorations] CAPPING events from decorations provider vscode.git 4370
2023-11-04 15:43:19.162 [warning] [Decorations] CAPPING events from decorations provider vscode.git 4370
2023-11-04 15:43:24.312 [warning] [Decorations] CAPPING events from decorations provider vscode.git 4372
2023-11-04 15:43:29.468 [warning] [Decorations] CAPPING events from decorations provider vscode.git 4372
2023-11-04 15:43:34.640 [warning] [Decorations] CAPPING events from decorations provider vscode.git 4372
2023-11-04 15:43:39.794 [warning] [Decorations] CAPPING events from decorations provider vscode.git 4372
2023-11-04 15:43:44.941 [warning] [Decorations] CAPPING events from decorations provider vscode.git 4374
2023-11-04 15:43:51.438 [warning] [Decorations] CAPPING events from decorations provider vscode.git 4374
2023-11-04 15:43:56.588 [warning] [Decorations] CAPPING events from decorations provider vscode.git 4374
2023-11-04 15:44:01.733 [warning] [Decorations] CAPPING events from decorations provider vscode.git 4374
2023-11-04 15:44:06.886 [warning] [Decorations] CAPPING events from decorations provider vscode.git 4374
2023-11-04 15:44:12.078 [warning] [Decorations] CAPPING events from decorations provider vscode.git 4374
2023-11-04 15:44:17.264 [warning] [Decorations] CAPPING events from decorations provider vscode.git 4374
2023-11-04 15:47:55.948 [warning] [Decorations] CAPPING events from decorations provider vscode.git 4375
