2023-11-04 14:49:36.836 [info] Log level: Info
2023-11-04 14:49:36.836 [info] Validating found git in: "git"
2023-11-04 14:49:36.837 [info] Using git "2.40.1" from "git"
2023-11-04 14:49:36.849 [info] > git rev-parse --show-toplevel [13ms]
2023-11-04 14:49:36.849 [info] fatal: not a git repository (or any of the parent directories): .git
2023-11-04 14:49:36.873 [info] > git rev-parse --show-toplevel [12ms]
2023-11-04 14:49:36.873 [info] fatal: not a git repository (or any of the parent directories): .git
2023-11-04 14:49:36.886 [info] > git rev-parse --show-toplevel [3ms]
2023-11-04 14:49:36.886 [info] fatal: not a git repository (or any of the parent directories): .git
2023-11-04 14:54:27.045 [info] > git rev-parse --show-toplevel [5ms]
2023-11-04 14:54:27.060 [info] > git rev-parse --git-dir --git-common-dir [3ms]
2023-11-04 14:54:27.088 [info] Open repository: /home/ec2-user
2023-11-04 14:54:27.118 [info] No remotes found in the git config file.
2023-11-04 14:54:27.121 [info] > git config --get commit.template [14ms]
2023-11-04 14:54:27.124 [info] > git for-each-ref --format=%(refname)%00%(upstream:short)%00%(objectname)%00%(upstream:track)%00%(upstream:remotename)%00%(upstream:remoteref) refs/heads/master refs/remotes/master [8ms]
2023-11-04 14:54:27.187 [info] > git status -z -uall [46ms]
2023-11-04 14:54:28.280 [info] > git config --get commit.template [131ms]
2023-11-04 14:54:28.311 [info] No remotes found in the git config file.
2023-11-04 14:54:28.351 [info] > git check-ignore -v -z --stdin [86ms]
2023-11-04 14:54:28.365 [info] > git for-each-ref --format=%(refname)%00%(upstream:short)%00%(objectname)%00%(upstream:track)%00%(upstream:remotename)%00%(upstream:remoteref) refs/heads/master refs/remotes/master [69ms]
2023-11-04 14:54:28.490 [info] > git status -z -uall [116ms]
2023-11-04 14:54:30.307 [info] No remotes found in the git config file.
2023-11-04 14:54:30.308 [info] > git config --get commit.template [14ms]
2023-11-04 14:54:30.311 [info] > git for-each-ref --format=%(refname)%00%(upstream:short)%00%(objectname)%00%(upstream:track)%00%(upstream:remotename)%00%(upstream:remoteref) refs/heads/master refs/remotes/master [5ms]
2023-11-04 14:54:30.342 [info] > git status -z -uall [22ms]
